<?xml version="1.0" encoding="UTF-8"?>
<!-- Generated by org.testng.reporters.JUnitReportReporter -->
<testsuite hostname="LNDA0021" name="com.qait.mindtap.automation.report.ResultsIT" tests="1" failures="0" timestamp="20 Oct 2015 04:57:34 GMT" time="6.059" errors="0">
  <testcase name="sendResultsMail" time="6.059" classname="com.qait.mindtap.automation.report.ResultsIT"/>
</testsuite> <!-- com.qait.mindtap.automation.report.ResultsIT -->
