<?xml version="1.0" encoding="UTF-8"?>
<!-- Generated by org.testng.reporters.JUnitReportReporter -->
<testsuite hostname="LNDA0021" name="com.qait.mindtap.automation.report.ResultsIT" tests="1" failures="0" timestamp="21 Oct 2015 04:37:44 GMT" time="4.995" errors="0">
  <testcase name="sendResultsMail" time="4.995" classname="com.qait.mindtap.automation.report.ResultsIT"/>
</testsuite> <!-- com.qait.mindtap.automation.report.ResultsIT -->
