<?xml version="1.0" encoding="UTF-8"?>
<testsuite name="TestSuite" time="440.667" tests="40" errors="0" skipped="17" failures="2">
  <properties>
    <property name="java.runtime.name" value="Java(TM) SE Runtime Environment"/>
    <property name="sun.boot.library.path" value="C:\Program Files\Java\jdk1.8.0_51\jre\bin"/>
    <property name="java.vm.version" value="25.51-b03"/>
    <property name="browser" value="firefox"/>
    <property name="java.vm.vendor" value="Oracle Corporation"/>
    <property name="java.vendor.url" value="http://java.oracle.com/"/>
    <property name="path.separator" value=";"/>
    <property name="guice.disable.misplaced.annotation.check" value="true"/>
    <property name="java.vm.name" value="Java HotSpot(TM) Client VM"/>
    <property name="file.encoding.pkg" value="sun.io"/>
    <property name="user.script" value=""/>
    <property name="user.country" value="US"/>
    <property name="sun.java.launcher" value="SUN_STANDARD"/>
    <property name="sun.os.patch.level" value="Service Pack 1"/>
    <property name="java.vm.specification.name" value="Java Virtual Machine Specification"/>
    <property name="user.dir" value="C:\Users\ayushgaur\Desktop\New folder (2)\MT_Automation_V8"/>
    <property name="java.runtime.version" value="1.8.0_51-b16"/>
    <property name="java.awt.graphicsenv" value="sun.awt.Win32GraphicsEnvironment"/>
    <property name="java.endorsed.dirs" value="C:\Program Files\Java\jdk1.8.0_51\jre\lib\endorsed"/>
    <property name="os.arch" value="x86"/>
    <property name="java.io.tmpdir" value="C:\Users\AYUSHG~1\AppData\Local\Temp\"/>
    <property name="line.separator" value="&#10;"/>
    <property name="tier" value="QAD"/>
    <property name="java.vm.specification.vendor" value="Oracle Corporation"/>
    <property name="user.variant" value=""/>
    <property name="os.name" value="Windows 7"/>
    <property name="classworlds.conf" value="C:\Program Files\apache-maven-3.1.1\bin\m2.conf"/>
    <property name="sun.jnu.encoding" value="Cp1252"/>
    <property name="java.library.path" value="C:\Program Files\Java\jdk1.8.0_51\bin;C:\Windows\Sun\Java\bin;C:\Windows\system32;C:\Windows;C:\ProgramData\Oracle\Java\javapath;C:\Program Files\nodejs;C:\Users\ayushgaur\AppData\Roaming\npm;C:\Program Files\Java\jre1.8.0_51\bin;C:\Program Files\apache-maven-3.1.1\bin\\;C:\Program Files\Java\jdk1.8.0_51\bin;C:\Program Files\Java\jdk1.8.0_51\lib;C:\Web Driver;C:\Program Files\Skype\Phone\;C:\Ruby22\bin;C:\Users\ayushgaur\AppData\Roaming\npm;."/>
    <property name="java.specification.name" value="Java Platform API Specification"/>
    <property name="java.class.version" value="52.0"/>
    <property name="sun.management.compiler" value="HotSpot Client Compiler"/>
    <property name="os.version" value="6.1"/>
    <property name="user.home" value="C:\Users\ayushgaur"/>
    <property name="user.timezone" value="Asia/Calcutta"/>
    <property name="java.awt.printerjob" value="sun.awt.windows.WPrinterJob"/>
    <property name="java.specification.version" value="1.8"/>
    <property name="file.encoding" value="Cp1252"/>
    <property name="user.name" value="ayushgaur"/>
    <property name="java.class.path" value="C:\Program Files\apache-maven-3.1.1\boot\plexus-classworlds-2.5.1.jar"/>
    <property name="testNGxml" value="TestNGactivityFlow.xml"/>
    <property name="server" value="local"/>
    <property name="org.slf4j.simpleLogger.defaultLogLevel" value="info"/>
    <property name="java.vm.specification.version" value="1.8"/>
    <property name="sun.arch.data.model" value="32"/>
    <property name="java.home" value="C:\Program Files\Java\jdk1.8.0_51\jre"/>
    <property name="sun.java.command" value="org.codehaus.plexus.classworlds.launcher.Launcher clean verify -DtestNGxml=TestNGactivityFlow.xml -Dbrowser=firefox -Dtier=QAD -Dserver=local"/>
    <property name="java.specification.vendor" value="Oracle Corporation"/>
    <property name="user.language" value="en"/>
    <property name="awt.toolkit" value="sun.awt.windows.WToolkit"/>
    <property name="java.vm.info" value="mixed mode"/>
    <property name="java.version" value="1.8.0_51"/>
    <property name="java.ext.dirs" value="C:\Program Files\Java\jdk1.8.0_51\jre\lib\ext;C:\Windows\Sun\Java\lib\ext"/>
    <property name="sun.boot.class.path" value="C:\Program Files\Java\jdk1.8.0_51\jre\lib\resources.jar;C:\Program Files\Java\jdk1.8.0_51\jre\lib\rt.jar;C:\Program Files\Java\jdk1.8.0_51\jre\lib\sunrsasign.jar;C:\Program Files\Java\jdk1.8.0_51\jre\lib\jsse.jar;C:\Program Files\Java\jdk1.8.0_51\jre\lib\jce.jar;C:\Program Files\Java\jdk1.8.0_51\jre\lib\charsets.jar;C:\Program Files\Java\jdk1.8.0_51\jre\lib\jfr.jar;C:\Program Files\Java\jdk1.8.0_51\jre\classes"/>
    <property name="sun.stderr.encoding" value="cp437"/>
    <property name="java.vendor" value="Oracle Corporation"/>
    <property name="maven.home" value="C:\Program Files\apache-maven-3.1.1"/>
    <property name="file.separator" value="\"/>
    <property name="java.vendor.url.bug" value="http://bugreport.sun.com/bugreport/"/>
    <property name="sun.cpu.endian" value="little"/>
    <property name="sun.io.unicode.encoding" value="UnicodeLittle"/>
    <property name="sun.stdout.encoding" value="cp437"/>
    <property name="sun.desktop" value="windows"/>
    <property name="sun.cpu.isalist" value="pentium_pro+mmx pentium_pro pentium+mmx pentium i486 i386 i86"/>
  </properties>
  <testcase name="Step_01_Instructor_Logs_in_to_the_Application" classname="com.qait.mindtap.tests.NG_30370.TC01_Instructor_Creates_Course" time="36.322"/>
  <testcase name="Step_02_Instructor_Search_Course_using_ISBN" classname="com.qait.mindtap.tests.NG_30370.TC01_Instructor_Creates_Course" time="2.224"/>
  <testcase name="Step_03_Instructor_check_Course_Checkbox" classname="com.qait.mindtap.tests.NG_30370.TC01_Instructor_Creates_Course" time="10.062"/>
  <testcase name="Step_04_Instructor_Creates_Course" classname="com.qait.mindtap.tests.NG_30370.TC01_Instructor_Creates_Course" time="1.072"/>
  <testcase name="Step_05_Instructor_Enters_Course_Details" classname="com.qait.mindtap.tests.NG_30370.TC01_Instructor_Creates_Course" time="12.109"/>
  <testcase name="Step_06_Confirm_Course_Details" classname="com.qait.mindtap.tests.NG_30370.TC01_Instructor_Creates_Course" time="0.161"/>
  <testcase name="Step_07_Instructor_SignOut" classname="com.qait.mindtap.tests.NG_30370.TC01_Instructor_Creates_Course" time="3"/>
  <testcase name="Step_01_Instructor_Logs_in_to_the_Application" classname="com.qait.mindtap.tests.NG_30370.TC02_Instructor_Adds_Offline_Activity" time="43.382"/>
  <testcase name="Step_02_Instructor_Manages_Course_From_SSO" classname="com.qait.mindtap.tests.NG_30370.TC02_Instructor_Adds_Offline_Activity" time="22.15"/>
  <testcase name="Step_03_verify_Spalsh_Page_Dispalys_Automatically" classname="com.qait.mindtap.tests.NG_30370.TC02_Instructor_Adds_Offline_Activity" time="63.263"/>
  <testcase name="Step_04_start_admin_test_session" classname="com.qait.mindtap.tests.NG_30370.TC02_Instructor_Adds_Offline_Activity" time="1.12"/>
  <testcase name="Step_05_Admin_Logs_in_to_the_Application" classname="com.qait.mindtap.tests.NG_30370.TC02_Instructor_Adds_Offline_Activity" time="6.8"/>
  <testcase name="Step_06_Admin_Search_Course" classname="com.qait.mindtap.tests.NG_30370.TC02_Instructor_Adds_Offline_Activity" time="33.547">
    <failure type="java.lang.NullPointerException:">java.lang.NullPointerException: null
	at org.openqa.selenium.support.ui.ExpectedConditions.elementIfVisible(ExpectedConditions.java:302)
	at org.openqa.selenium.support.ui.ExpectedConditions.access$100(ExpectedConditions.java:41)
	at org.openqa.selenium.support.ui.ExpectedConditions$10.apply(ExpectedConditions.java:288)
	at org.openqa.selenium.support.ui.ExpectedConditions$10.apply(ExpectedConditions.java:285)
	at org.openqa.selenium.support.ui.FluentWait.until(FluentWait.java:209)
	at com.qait.mindtap.automation.utils.SeleniumWait.waitForElementToBeVisible(SeleniumWait.java:53)
	at com.qait.mindtap.automation.getpageobjects.GetPage.isElementDisplayed(GetPage.java:196)
	at com.qait.mindtap.keywords.NG_30181_AdminPageActions.search_Course_Using_CourseKey(NG_30181_AdminPageActions.java:62)
	at com.qait.mindtap.tests.NG_30370.TC02_Instructor_Adds_Offline_Activity.Step_06_Admin_Search_Course(TC02_Instructor_Adds_Offline_Activity.java:77)
</failure>
    <system-out><![CDATA[[ASSERT PASS]: element mindtap_toolbar is displayed.
[ASSERT PASS]: element admin_dashboard with text Admin Dashboard is displayed.
[ASSERT PASS]: element inputOrganizationSearch is displayed.
[ASSERT PASS]: element courseOrganization is displayed.
[ASSERT PASS]: element courseProvisioned is displayed.
[ASSERT FAIL]: Element courseCollege not found on the NG-30181-AdminPage !!!
]]></system-out>
  </testcase>
  <testcase name="step_07_Instructor_Logs_Again" classname="com.qait.mindtap.tests.NG_30370.TC02_Instructor_Adds_Offline_Activity" time="0">
    <skipped/>
    <system-out><![CDATA[[INFO]: Save Image File Path : C:\Users\ayushgaur\Desktop\New folder (2)\MT_Automation_V8\./target/screenshots/\TC01_Instructor_Adds_Offline_Activity\2015_10_19_06_38_PM\screenshot.png
]]></system-out>
  </testcase>
  <testcase name="Step_08_Instructor_Logs_in_to_the_Application" classname="com.qait.mindtap.tests.NG_30370.TC02_Instructor_Adds_Offline_Activity" time="0">
    <skipped/>
  </testcase>
  <testcase name="Step_09_Instructor_Manages_Course_From_SSO" classname="com.qait.mindtap.tests.NG_30370.TC02_Instructor_Adds_Offline_Activity" time="0">
    <skipped/>
  </testcase>
  <testcase name="Step_10_Verify_RollingWeekUI_And_Select_OfflineActivity" classname="com.qait.mindtap.tests.NG_30370.TC02_Instructor_Adds_Offline_Activity" time="0">
    <skipped/>
  </testcase>
  <testcase name="Step_11_Instructor_Enters_Detail_In_OfflineActivity" classname="com.qait.mindtap.tests.NG_30370.TC02_Instructor_Adds_Offline_Activity" time="0">
    <skipped/>
  </testcase>
  <testcase name="Step_12_Verify_Rolling_Week_UI" classname="com.qait.mindtap.tests.NG_30370.TC02_Instructor_Adds_Offline_Activity" time="0">
    <skipped/>
  </testcase>
  <testcase name="Step_13_Verify_Activity_Gets_Added" classname="com.qait.mindtap.tests.NG_30370.TC02_Instructor_Adds_Offline_Activity" time="0">
    <skipped/>
  </testcase>
  <testcase name="Step_01_Instructor_Logs_in_to_the_Application" classname="com.qait.mindtap.tests.NG_30370.TC01_Instructor_Creates_Course" time="31.246"/>
  <testcase name="Step_02_Instructor_Search_Course_using_ISBN" classname="com.qait.mindtap.tests.NG_30370.TC01_Instructor_Creates_Course" time="1.811"/>
  <testcase name="Step_03_Instructor_check_Course_Checkbox" classname="com.qait.mindtap.tests.NG_30370.TC01_Instructor_Creates_Course" time="9.054"/>
  <testcase name="Step_04_Instructor_Creates_Course" classname="com.qait.mindtap.tests.NG_30370.TC01_Instructor_Creates_Course" time="2.02"/>
  <testcase name="Step_05_Instructor_Enters_Course_Details" classname="com.qait.mindtap.tests.NG_30370.TC01_Instructor_Creates_Course" time="12.948"/>
  <testcase name="Step_06_Confirm_Course_Details" classname="com.qait.mindtap.tests.NG_30370.TC01_Instructor_Creates_Course" time="0.175"/>
  <testcase name="Step_07_Instructor_SignOut" classname="com.qait.mindtap.tests.NG_30370.TC01_Instructor_Creates_Course" time="2.74"/>
  <testcase name="Step_01_Instructor_Logs_in_to_the_Application" classname="com.qait.mindtap.tests.NG_30370.TC03_Instructor_Cancel_Offline_Activity" time="31.01"/>
  <testcase name="Step_02_Instructor_Manages_Course_From_SSO" classname="com.qait.mindtap.tests.NG_30370.TC03_Instructor_Cancel_Offline_Activity" time="27.015"/>
  <testcase name="Step_03_verify_Spalsh_Page_Dispalys_Automatically" classname="com.qait.mindtap.tests.NG_30370.TC03_Instructor_Cancel_Offline_Activity" time="87.436">
    <failure type="java.lang.NullPointerException:">java.lang.NullPointerException: null
	at com.qait.mindtap.keywords.NG_30181_LoginPageActions.signout(NG_30181_LoginPageActions.java:66)
	at com.qait.mindtap.tests.NG_30370.TC03_Instructor_Cancel_Offline_Activity.Step_03_verify_Spalsh_Page_Dispalys_Automatically(TC03_Instructor_Cancel_Offline_Activity.java:66)
</failure>
    <system-out><![CDATA[[ASSERT PASS]: element courseName is displayed.
[ASSERT PASS]: Splash Page is displayed
[ASSERT PASS]: element enter is displayed.
[ASSERT PASS]: element currentWeekIcon is displayed.
[ASSERT PASS]: Current Week icon is displayed
[ASSERT FAIL]: Element icon_signout not found on the NG-30181-LoginPage !!!
]]></system-out>
  </testcase>
  <testcase name="Step_04_start_admin_test_session" classname="com.qait.mindtap.tests.NG_30370.TC03_Instructor_Cancel_Offline_Activity" time="0">
    <skipped/>
    <system-out><![CDATA[[INFO]: Save Image File Path : C:\Users\ayushgaur\Desktop\New folder (2)\MT_Automation_V8\./target/screenshots/\TC01_Instructor_Adds_Offline_Activity\2015_10_19_06_41_PM\screenshot.png
]]></system-out>
  </testcase>
  <testcase name="Step_05_Admin_Logs_in_to_the_Application" classname="com.qait.mindtap.tests.NG_30370.TC03_Instructor_Cancel_Offline_Activity" time="0">
    <skipped/>
  </testcase>
  <testcase name="Step_06_Admin_Search_Course" classname="com.qait.mindtap.tests.NG_30370.TC03_Instructor_Cancel_Offline_Activity" time="0">
    <skipped/>
  </testcase>
  <testcase name="step_07_Instructor_Logs_Again" classname="com.qait.mindtap.tests.NG_30370.TC03_Instructor_Cancel_Offline_Activity" time="0">
    <skipped/>
  </testcase>
  <testcase name="Step_08_Instructor_Logs_in_to_the_Application" classname="com.qait.mindtap.tests.NG_30370.TC03_Instructor_Cancel_Offline_Activity" time="0">
    <skipped/>
  </testcase>
  <testcase name="Step_09_Instructor_Manages_Course_From_SSO" classname="com.qait.mindtap.tests.NG_30370.TC03_Instructor_Cancel_Offline_Activity" time="0">
    <skipped/>
  </testcase>
  <testcase name="Step_10_Verify_RollingWeekUI_And_Select_OfflineActivity" classname="com.qait.mindtap.tests.NG_30370.TC03_Instructor_Cancel_Offline_Activity" time="0">
    <skipped/>
  </testcase>
  <testcase name="Step_11_Instructor_Enters_Detail_In_OfflineActivity" classname="com.qait.mindtap.tests.NG_30370.TC03_Instructor_Cancel_Offline_Activity" time="0">
    <skipped/>
  </testcase>
  <testcase name="Step_12_Verify_Rolling_Week_UI" classname="com.qait.mindtap.tests.NG_30370.TC03_Instructor_Cancel_Offline_Activity" time="0">
    <skipped/>
  </testcase>
  <testcase name="Step_13_Verify_Activity_Not_Gets_Added" classname="com.qait.mindtap.tests.NG_30370.TC03_Instructor_Cancel_Offline_Activity" time="0">
    <skipped/>
  </testcase>
</testsuite>