<?xml version="1.0" encoding="UTF-8"?>
<testsuite name="TestSuite" time="220.589" tests="38" errors="0" skipped="19" failures="4">
  <properties>
    <property name="java.runtime.name" value="Java(TM) SE Runtime Environment"/>
    <property name="sun.boot.library.path" value="C:\Program Files\Java\jdk1.8.0_51\jre\bin"/>
    <property name="java.vm.version" value="25.51-b03"/>
    <property name="java.vm.vendor" value="Oracle Corporation"/>
    <property name="java.vendor.url" value="http://java.oracle.com/"/>
    <property name="path.separator" value=";"/>
    <property name="guice.disable.misplaced.annotation.check" value="true"/>
    <property name="java.vm.name" value="Java HotSpot(TM) Client VM"/>
    <property name="file.encoding.pkg" value="sun.io"/>
    <property name="user.script" value=""/>
    <property name="user.country" value="US"/>
    <property name="sun.java.launcher" value="SUN_STANDARD"/>
    <property name="sun.os.patch.level" value="Service Pack 1"/>
    <property name="java.vm.specification.name" value="Java Virtual Machine Specification"/>
    <property name="user.dir" value="C:\Users\ayushgaur\Desktop\New folder (2)\MT_Automation_V8"/>
    <property name="java.runtime.version" value="1.8.0_51-b16"/>
    <property name="java.awt.graphicsenv" value="sun.awt.Win32GraphicsEnvironment"/>
    <property name="java.endorsed.dirs" value="C:\Program Files\Java\jdk1.8.0_51\jre\lib\endorsed"/>
    <property name="os.arch" value="x86"/>
    <property name="java.io.tmpdir" value="C:\Users\AYUSHG~1\AppData\Local\Temp\"/>
    <property name="line.separator" value="&#10;"/>
    <property name="java.vm.specification.vendor" value="Oracle Corporation"/>
    <property name="user.variant" value=""/>
    <property name="os.name" value="Windows 7"/>
    <property name="maven.ext.class.path" value="C:\Program Files\NetBeans 8.0\java\maven-nblib\netbeans-eventspy.jar"/>
    <property name="classworlds.conf" value="C:\Program Files\NetBeans 8.0\java\maven\bin\m2.conf"/>
    <property name="sun.jnu.encoding" value="Cp1252"/>
    <property name="java.library.path" value="C:\Program Files\Java\jdk1.8.0_51\bin;C:\Windows\Sun\Java\bin;C:\Windows\system32;C:\Windows;C:\ProgramData\Oracle\Java\javapath;C:\Program Files\nodejs;C:\Users\ayushgaur\AppData\Roaming\npm;C:\Program Files\Java\jre1.8.0_51\bin;C:\Program Files\apache-maven-3.1.1\bin\\;C:\Program Files\Java\jdk1.8.0_51\bin;C:\Program Files\Java\jdk1.8.0_51\lib;C:\Web Driver;C:\Program Files\Skype\Phone\;C:\Ruby22\bin;C:\Users\ayushgaur\AppData\Roaming\npm;."/>
    <property name="java.specification.name" value="Java Platform API Specification"/>
    <property name="java.class.version" value="52.0"/>
    <property name="sun.management.compiler" value="HotSpot Client Compiler"/>
    <property name="os.version" value="6.1"/>
    <property name="user.home" value="C:\Users\ayushgaur"/>
    <property name="user.timezone" value="Asia/Calcutta"/>
    <property name="java.awt.printerjob" value="sun.awt.windows.WPrinterJob"/>
    <property name="java.specification.version" value="1.8"/>
    <property name="file.encoding" value="UTF-8"/>
    <property name="user.name" value="ayushgaur"/>
    <property name="java.class.path" value="C:\Program Files\NetBeans 8.0\java\maven\boot\plexus-classworlds-2.4.jar"/>
    <property name="java.vm.specification.version" value="1.8"/>
    <property name="sun.arch.data.model" value="32"/>
    <property name="java.home" value="C:\Program Files\Java\jdk1.8.0_51\jre"/>
    <property name="sun.java.command" value="org.codehaus.plexus.classworlds.launcher.Launcher -Dmaven.ext.class.path=C:\Program Files\NetBeans 8.0\java\maven-nblib\netbeans-eventspy.jar -Dfile.encoding=UTF-8 install"/>
    <property name="java.specification.vendor" value="Oracle Corporation"/>
    <property name="user.language" value="en"/>
    <property name="awt.toolkit" value="sun.awt.windows.WToolkit"/>
    <property name="java.vm.info" value="mixed mode, sharing"/>
    <property name="java.version" value="1.8.0_51"/>
    <property name="java.ext.dirs" value="C:\Program Files\Java\jdk1.8.0_51\jre\lib\ext;C:\Windows\Sun\Java\lib\ext"/>
    <property name="sun.boot.class.path" value="C:\Program Files\Java\jdk1.8.0_51\jre\lib\resources.jar;C:\Program Files\Java\jdk1.8.0_51\jre\lib\rt.jar;C:\Program Files\Java\jdk1.8.0_51\jre\lib\sunrsasign.jar;C:\Program Files\Java\jdk1.8.0_51\jre\lib\jsse.jar;C:\Program Files\Java\jdk1.8.0_51\jre\lib\jce.jar;C:\Program Files\Java\jdk1.8.0_51\jre\lib\charsets.jar;C:\Program Files\Java\jdk1.8.0_51\jre\lib\jfr.jar;C:\Program Files\Java\jdk1.8.0_51\jre\classes"/>
    <property name="java.vendor" value="Oracle Corporation"/>
    <property name="maven.home" value="C:\Program Files\NetBeans 8.0\java\maven"/>
    <property name="file.separator" value="\"/>
    <property name="java.vendor.url.bug" value="http://bugreport.sun.com/bugreport/"/>
    <property name="sun.cpu.endian" value="little"/>
    <property name="sun.io.unicode.encoding" value="UnicodeLittle"/>
    <property name="sun.desktop" value="windows"/>
    <property name="sun.cpu.isalist" value="pentium_pro+mmx pentium_pro pentium+mmx pentium i486 i386 i86"/>
  </properties>
  <testcase name="Step_01_Admin_Logs_in_to_the_Application" classname="com.qait.mindtap.tests.NG_30181.TC01_Admin_login_and_search_the_isbn_under_master_Tab" time="6.098"/>
  <testcase name="Step_02_Admin_Search_Course_using_ISBN" classname="com.qait.mindtap.tests.NG_30181.TC01_Admin_login_and_search_the_isbn_under_master_Tab" time="4.392"/>
  <testcase name="Step_03_Admin_Verify_Course_Andesite_mode_checked" classname="com.qait.mindtap.tests.NG_30181.TC01_Admin_login_and_search_the_isbn_under_master_Tab" time="81.669">
    <failure type="java.lang.NullPointerException:">java.lang.NullPointerException: null
	at org.openqa.selenium.support.ui.ExpectedConditions.elementIfVisible(ExpectedConditions.java:302)
	at org.openqa.selenium.support.ui.ExpectedConditions.access$100(ExpectedConditions.java:41)
	at org.openqa.selenium.support.ui.ExpectedConditions$10.apply(ExpectedConditions.java:288)
	at org.openqa.selenium.support.ui.ExpectedConditions$10.apply(ExpectedConditions.java:285)
	at org.openqa.selenium.support.ui.FluentWait.until(FluentWait.java:209)
	at com.qait.mindtap.automation.utils.SeleniumWait.waitForElementToBeVisible(SeleniumWait.java:53)
	at com.qait.mindtap.automation.getpageobjects.GetPage.isElementDisplayed(GetPage.java:196)
	at com.qait.mindtap.keywords.NG_30181_AdminPageActions.course_Andesite_Mode_Is_Checked(NG_30181_AdminPageActions.java:53)
	at com.qait.mindtap.tests.NG_30181.TC01_Admin_login_and_search_the_isbn_under_master_Tab.Step_03_Admin_Verify_Course_Andesite_mode_checked(TC01_Admin_login_and_search_the_isbn_under_master_Tab.java:48)
</failure>
    <system-out><![CDATA[[ASSERT PASS]: element Btn_show_copy is displayed.
[ASSERT PASS]: element icon_course_edit is displayed.
[ASSERT FAIL]: Element Edit_Working_copy not found on the NG-30181-AdminPage !!!
]]></system-out>
  </testcase>
  <testcase name="Step_04_Admin_Logs_Out" classname="com.qait.mindtap.tests.NG_30181.TC01_Admin_login_and_search_the_isbn_under_master_Tab" time="0">
    <skipped/>
  </testcase>
  <testcase name="Step_01_Instructor_Logs_in_to_the_Application" classname="com.qait.mindtap.tests.NG_30181.TC02_Instructor_Creates_Course" time="9.045"/>
  <testcase name="Step_02_Instructor_Search_Course_using_ISBN" classname="com.qait.mindtap.tests.NG_30181.TC02_Instructor_Creates_Course" time="7.17"/>
  <testcase name="Step_03_Instructor_check_Course_Checkbox" classname="com.qait.mindtap.tests.NG_30181.TC02_Instructor_Creates_Course" time="3.37"/>
  <testcase name="Step_04_Instructor_Creates_Course" classname="com.qait.mindtap.tests.NG_30181.TC02_Instructor_Creates_Course" time="9.94"/>
  <testcase name="Step_05_Instructor_Enters_Course_Details" classname="com.qait.mindtap.tests.NG_30181.TC02_Instructor_Creates_Course" time="18.164"/>
  <testcase name="Step_06_Confirm_Course_Details" classname="com.qait.mindtap.tests.NG_30181.TC02_Instructor_Creates_Course" time="4.35"/>
  <testcase name="Step_07_Instructor_SignOut" classname="com.qait.mindtap.tests.NG_30181.TC02_Instructor_Creates_Course" time="0.87"/>
  <testcase name="Step_01_Instructor_Logs_in_to_the_Application" classname="com.qait.mindtap.tests.NG_30181.TC04_Instructor_Launch_the_Course" time="8.092"/>
  <testcase name="Step_02_Instructor_Manages_Course_From_SSO" classname="com.qait.mindtap.tests.NG_30181.TC04_Instructor_Launch_the_Course" time="6.02"/>
  <testcase name="Step_03_Instructor_Enrols_TA_IN_Course" classname="com.qait.mindtap.tests.NG_30181.TC04_Instructor_Launch_the_Course" time="14.998">
    <failure type="java.lang.NullPointerException:">java.lang.NullPointerException: null
	at com.qait.mindtap.automation.utils.mindtapUtilityMethods.launchCourse(mindtapUtilityMethods.java:56)
	at com.qait.mindtap.keywords.NG_30181_InstructorEditCourseActions.instructor_Open_Course(NG_30181_InstructorEditCourseActions.java:40)
	at com.qait.mindtap.tests.NG_30181.TC04_Instructor_Launch_the_Course.Step_03_Instructor_Enrols_TA_IN_Course(TC04_Instructor_Launch_the_Course.java:48)
</failure>
    <system-out><![CDATA[[ASSERT PASS]: element btnAddInstructorTA is displayed.
[ASSERT PASS]: element inputEmailId is displayed.
[ASSERT PASS]: element btnAdd is displayed.
[ASSERT PASS]: element courseLink with text Mayank Test Book-Automated Mindtap13Oct_12:2:11 is displayed.
[Navigated to url]: http://qad-ng.cengage.com/nb/service/launch?token=952CEB3217F3347E9EB0224BB5E5EB1E1ABC1DC568A6ABD4B0645D5AAFB710DD2707F3011D03DE52E9CDE590F2D4E58F55E8CF69E7AE432C&pid=533415&eISBN=9781305876972&courseKey=MTPN41JPQXXF&titleIsbn=9781305876651
]]></system-out>
  </testcase>
  <testcase name="Step_04_verify_Spalsh_Page_Dispalys_Automatically" classname="com.qait.mindtap.tests.NG_30181.TC04_Instructor_Launch_the_Course" time="0">
    <skipped/>
  </testcase>
  <testcase name="Step_05_Verify_Weeks_CurrentWeekIcon_Displays_Along_Month_and_Date" classname="com.qait.mindtap.tests.NG_30181.TC04_Instructor_Launch_the_Course" time="0">
    <skipped/>
  </testcase>
  <testcase name="Step_06_Verify_Expand_Collapse_Functionality" classname="com.qait.mindtap.tests.NG_30181.TC04_Instructor_Launch_the_Course" time="0">
    <skipped/>
  </testcase>
  <testcase name="Step_07_verify_Splash_Page" classname="com.qait.mindtap.tests.NG_30181.TC04_Instructor_Launch_the_Course" time="0">
    <skipped/>
  </testcase>
  <testcase name="Step_08_Verify_Rolling_Week_UI" classname="com.qait.mindtap.tests.NG_30181.TC04_Instructor_Launch_the_Course" time="0">
    <skipped/>
  </testcase>
  <testcase name="Step_07_user_LogOut" classname="com.qait.mindtap.tests.NG_30181.TC04_Instructor_Launch_the_Course" time="0">
    <skipped/>
  </testcase>
  <testcase name="Step_01_Student_Logs_in_to_the_Application" classname="com.qait.mindtap.tests.NG_30181.TC05_Student_Launch_the_Course" time="9.32"/>
  <testcase name="Step_02_Student_Registers_Course" classname="com.qait.mindtap.tests.NG_30181.TC05_Student_Launch_the_Course" time="8.082"/>
  <testcase name="Step_03_Student_Launch_Course" classname="com.qait.mindtap.tests.NG_30181.TC05_Student_Launch_the_Course" time="6.915">
    <failure type="java.lang.NullPointerException:">java.lang.NullPointerException: null
	at com.qait.mindtap.automation.utils.mindtapUtilityMethods.launchCourse(mindtapUtilityMethods.java:56)
	at com.qait.mindtap.keywords.NG_30181_CoursePaymentActionPageActions.take_Me_To_Course(NG_30181_CoursePaymentActionPageActions.java:20)
	at com.qait.mindtap.tests.NG_30181.TC05_Student_Launch_the_Course.Step_03_Student_Launch_Course(TC05_Student_Launch_the_Course.java:48)
</failure>
    <system-out><![CDATA[[ASSERT PASS]: PageTitle for NG-30181-CoursePaymentPage contains: 'CengageBrain - Course Payment'.
[Navigated to url]: http://qad-ng.cengage.com/nb/service/launch?token=692C3720C0FF041487A11A4811A7CF43AD070D789B3430571EFF8FD18063F6D130AFA2759D0475DCD8A4A93BB368CDAD&pid=533415&eISBN=9781305876972&courseKey=MTPN41JPQXXF&titleIsbn=9781305876651
]]></system-out>
  </testcase>
  <testcase name="Step_04_verify_Spalsh_Page_Dispalys_Automatically" classname="com.qait.mindtap.tests.NG_30181.TC05_Student_Launch_the_Course" time="0">
    <skipped/>
  </testcase>
  <testcase name="Step_05_Verify_Weeks_CurrentWeekIcon_Displays_Along_Month_and_Date" classname="com.qait.mindtap.tests.NG_30181.TC05_Student_Launch_the_Course" time="0">
    <skipped/>
  </testcase>
  <testcase name="Step_06_Verify_Expand_Collapse_Functionality" classname="com.qait.mindtap.tests.NG_30181.TC05_Student_Launch_the_Course" time="0">
    <skipped/>
  </testcase>
  <testcase name="Step_07_verify_Splash_Page" classname="com.qait.mindtap.tests.NG_30181.TC05_Student_Launch_the_Course" time="0">
    <skipped/>
  </testcase>
  <testcase name="Step_08_Verify_Rolling_Week_UI" classname="com.qait.mindtap.tests.NG_30181.TC05_Student_Launch_the_Course" time="0">
    <skipped/>
  </testcase>
  <testcase name="Step_07_user_LogOut" classname="com.qait.mindtap.tests.NG_30181.TC05_Student_Launch_the_Course" time="0">
    <skipped/>
  </testcase>
  <testcase name="Step_01_Student_Logs_in_to_the_Application" classname="com.qait.mindtap.tests.NG_30181.TC06_TA_Launch_the_Course" time="8.8"/>
  <testcase name="Step_02_Student_Registers_Course" classname="com.qait.mindtap.tests.NG_30181.TC06_TA_Launch_the_Course" time="7.618"/>
  <testcase name="Step_03_Student_Launch_Course" classname="com.qait.mindtap.tests.NG_30181.TC06_TA_Launch_the_Course" time="5.676">
    <failure type="java.lang.NullPointerException:">java.lang.NullPointerException: null
	at com.qait.mindtap.automation.utils.mindtapUtilityMethods.launchCourse(mindtapUtilityMethods.java:56)
	at com.qait.mindtap.keywords.NG_30181_CoursePaymentActionPageActions.take_Me_To_Course(NG_30181_CoursePaymentActionPageActions.java:20)
	at com.qait.mindtap.tests.NG_30181.TC06_TA_Launch_the_Course.Step_03_Student_Launch_Course(TC06_TA_Launch_the_Course.java:48)
</failure>
    <system-out><![CDATA[[ASSERT PASS]: PageTitle for NG-30181-CoursePaymentPage contains: 'CengageBrain - Course Payment'.
[Navigated to url]: http://qad-ng.cengage.com/nb/service/launch?token=DD553C83CAC910A04B54E635064F7E6711F1ABF4BDEFB515FCF7D33C6E7925998D7A9EF7C9CAED8E3A8AAB6EB541CBA581C5C4670B9EECF70912DE57E1401CE8&pid=533415&eISBN=9781305876972&courseKey=MTPN41JPQXXF&titleIsbn=9781305876651
]]></system-out>
  </testcase>
  <testcase name="Step_04_verify_Spalsh_Page_Dispalys_Automatically" classname="com.qait.mindtap.tests.NG_30181.TC06_TA_Launch_the_Course" time="0">
    <skipped/>
  </testcase>
  <testcase name="Step_05_Verify_Weeks_CurrentWeekIcon_Displays_Along_Month_and_Date" classname="com.qait.mindtap.tests.NG_30181.TC06_TA_Launch_the_Course" time="0">
    <skipped/>
  </testcase>
  <testcase name="Step_06_Verify_Expand_Collapse_Functionality" classname="com.qait.mindtap.tests.NG_30181.TC06_TA_Launch_the_Course" time="0">
    <skipped/>
  </testcase>
  <testcase name="Step_07_verify_Splash_Page" classname="com.qait.mindtap.tests.NG_30181.TC06_TA_Launch_the_Course" time="0">
    <skipped/>
  </testcase>
  <testcase name="Step_08_Verify_Rolling_Week_UI" classname="com.qait.mindtap.tests.NG_30181.TC06_TA_Launch_the_Course" time="0">
    <skipped/>
  </testcase>
  <testcase name="Step_07_user_LogOut" classname="com.qait.mindtap.tests.NG_30181.TC06_TA_Launch_the_Course" time="0">
    <skipped/>
  </testcase>
</testsuite>