<?xml version="1.0" encoding="UTF-8"?>
<!-- Generated by org.testng.reporters.JUnitReportReporter -->
<testsuite hostname="LNDA0021" name="com.qait.mindtap.tests.NG_30104.NG_30181_TC04_Instructor_Deletes_Course" tests="4" failures="0" timestamp="24 Sep 2015 05:57:20 GMT" time="73.108" errors="0">
  <testcase name="Step_02_Instructor_Manage_Course" time="2.077" classname="com.qait.mindtap.tests.NG_30104.NG_30181_TC04_Instructor_Deletes_Course"/>
  <testcase name="Step_01_Instructor_Logs_in_to_the_Application" time="30.928" classname="com.qait.mindtap.tests.NG_30104.NG_30181_TC04_Instructor_Deletes_Course"/>
  <testcase name="Step_04_Instructor_SignOut" time="3.451" classname="com.qait.mindtap.tests.NG_30104.NG_30181_TC04_Instructor_Deletes_Course"/>
  <testcase name="Step_03_Instructor_Delete_Course" time="36.652" classname="com.qait.mindtap.tests.NG_30104.NG_30181_TC04_Instructor_Deletes_Course"/>
</testsuite> <!-- com.qait.mindtap.tests.NG_30104.NG_30181_TC04_Instructor_Deletes_Course -->
