<?xml version="1.0" encoding="UTF-8"?>
<!-- Generated by org.testng.reporters.JUnitReportReporter -->
<testsuite hostname="LNDA0021" name="com.qait.mindtap.tests.NG_30104.NG_30181_TC03_Instructor_Creates_Course" tests="5" failures="0" timestamp="24 Sep 2015 06:02:16 GMT" time="64.032" errors="0">
  <testcase name="Step_03_Confirm_Course_Details" time="0.151" classname="com.qait.mindtap.tests.NG_30104.NG_30181_TC03_Instructor_Creates_Course"/>
  <testcase name="Step_03_Instructor_Enters_Course_Details" time="10.553" classname="com.qait.mindtap.tests.NG_30104.NG_30181_TC03_Instructor_Creates_Course"/>
  <testcase name="Step_04_Instructor_SignOut" time="2.807" classname="com.qait.mindtap.tests.NG_30104.NG_30181_TC03_Instructor_Creates_Course"/>
  <testcase name="Step_01_Instructor_Logs_in_to_the_Application" time="47.720" classname="com.qait.mindtap.tests.NG_30104.NG_30181_TC03_Instructor_Creates_Course"/>
  <testcase name="Step_02_Instructor_Creates_Course" time="2.801" classname="com.qait.mindtap.tests.NG_30104.NG_30181_TC03_Instructor_Creates_Course"/>
</testsuite> <!-- com.qait.mindtap.tests.NG_30104.NG_30181_TC03_Instructor_Creates_Course -->
