<?xml version="1.0" encoding="UTF-8"?>
<!-- Generated by org.testng.reporters.JUnitReportReporter -->
<testsuite hostname="LNDA0021" name="com.qait.mindtap.tests.NG_30104.NG_30181_TC04_Instructor_Deletes_Course" tests="4" failures="0" timestamp="22 Sep 2015 10:15:42 GMT" time="66.302" errors="0">
  <testcase name="Step_01_Instructor_Logs_in_to_the_Application" time="30.431" classname="com.qait.mindtap.tests.NG_30104.NG_30181_TC04_Instructor_Deletes_Course"/>
  <testcase name="Step_02_Instructor_Manage_Course" time="1.980" classname="com.qait.mindtap.tests.NG_30104.NG_30181_TC04_Instructor_Deletes_Course"/>
  <testcase name="Step_03_Instructor_Delete_Course" time="30.436" classname="com.qait.mindtap.tests.NG_30104.NG_30181_TC04_Instructor_Deletes_Course"/>
  <testcase name="Step_04_Instructor_SignOut" time="3.455" classname="com.qait.mindtap.tests.NG_30104.NG_30181_TC04_Instructor_Deletes_Course"/>
</testsuite> <!-- com.qait.mindtap.tests.NG_30104.NG_30181_TC04_Instructor_Deletes_Course -->
