<?xml version="1.0" encoding="UTF-8"?>
<!-- Generated by org.testng.reporters.JUnitReportReporter -->
<testsuite hostname="LNDA0021" name="com.qait.mindtap.tests.NG_30104.NG_30181_TC02_Instructor_Login_and_check_the_course_checkbox_and_save" tests="4" failures="0" timestamp="18 Sep 2015 10:26:31 GMT" time="44.179" errors="0">
  <testcase name="Step_02_Instructor_Search_Course_using_ISBN" time="2.050" classname="com.qait.mindtap.tests.NG_30104.NG_30181_TC02_Instructor_Login_and_check_the_course_checkbox_and_save"/>
  <testcase name="Step_01_Instructor_Logs_in_to_the_Application" time="31.222" classname="com.qait.mindtap.tests.NG_30104.NG_30181_TC02_Instructor_Login_and_check_the_course_checkbox_and_save"/>
  <testcase name="Step_04_Instructor_SignOut" time="2.876" classname="com.qait.mindtap.tests.NG_30104.NG_30181_TC02_Instructor_Login_and_check_the_course_checkbox_and_save"/>
  <testcase name="Step_03_Instructor_check_Course_Checkbox" time="8.031" classname="com.qait.mindtap.tests.NG_30104.NG_30181_TC02_Instructor_Login_and_check_the_course_checkbox_and_save"/>
</testsuite> <!-- com.qait.mindtap.tests.NG_30104.NG_30181_TC02_Instructor_Login_and_check_the_course_checkbox_and_save -->
