<?xml version="1.0" encoding="UTF-8"?>
<!-- Generated by org.testng.reporters.JUnitReportReporter -->
<testsuite hostname="LNDA0021" name="com.qait.mindtap.tests.NG_30181.TC05_Student_Launch_the_Course" tests="9" failures="0" timestamp="13 Oct 2015 08:45:52 GMT" time="151.789" errors="0">
  <testcase name="Step_04_verify_Spalsh_Page_Dispalys_Automatically" time="6.357" classname="com.qait.mindtap.tests.NG_30181.TC05_Student_Launch_the_Course"/>
  <testcase name="Step_06_Verify_Expand_Collapse_Functionality" time="5.190" classname="com.qait.mindtap.tests.NG_30181.TC05_Student_Launch_the_Course"/>
  <testcase name="Step_07_user_LogOut" time="4.183" classname="com.qait.mindtap.tests.NG_30181.TC05_Student_Launch_the_Course"/>
  <testcase name="Step_03_Student_Launch_Course" time="12.212" classname="com.qait.mindtap.tests.NG_30181.TC05_Student_Launch_the_Course"/>
  <testcase name="Step_07_verify_Splash_Page" time="7.463" classname="com.qait.mindtap.tests.NG_30181.TC05_Student_Launch_the_Course"/>
  <testcase name="Step_01_Student_Logs_in_to_the_Application" time="11.844" classname="com.qait.mindtap.tests.NG_30181.TC05_Student_Launch_the_Course"/>
  <testcase name="Step_02_Student_Registers_Course" time="8.221" classname="com.qait.mindtap.tests.NG_30181.TC05_Student_Launch_the_Course"/>
  <testcase name="Step_05_Verify_Weeks_CurrentWeekIcon_Displays_Along_Month_and_Date" time="90.859" classname="com.qait.mindtap.tests.NG_30181.TC05_Student_Launch_the_Course"/>
  <testcase name="Step_08_Verify_Rolling_Week_UI" time="5.460" classname="com.qait.mindtap.tests.NG_30181.TC05_Student_Launch_the_Course"/>
</testsuite> <!-- com.qait.mindtap.tests.NG_30181.TC05_Student_Launch_the_Course -->
