<?xml version="1.0" encoding="UTF-8"?>
<!-- Generated by org.testng.reporters.JUnitReportReporter -->
<testsuite hostname="LNDA0021" name="com.qait.mindtap.tests.NG_30370.TC03_Instructor_Cancel_Offline_Activity" tests="6" failures="0" timestamp="20 Oct 2015 12:44:38 GMT" time="186.567" errors="0">
  <testcase name="Step_02_Instructor_Manages_Course_From_SSO" time="22.473" classname="com.qait.mindtap.tests.NG_30370.TC03_Instructor_Cancel_Offline_Activity"/>
  <testcase name="Step_06_Verify_Activity_Gets_Added" time="40.079" classname="com.qait.mindtap.tests.NG_30370.TC03_Instructor_Cancel_Offline_Activity"/>
  <testcase name="Step_01_Instructor_Logs_in_to_the_Application" time="30.377" classname="com.qait.mindtap.tests.NG_30370.TC03_Instructor_Cancel_Offline_Activity"/>
  <testcase name="Step_05_Verify_Rolling_Week_UI" time="12.936" classname="com.qait.mindtap.tests.NG_30370.TC03_Instructor_Cancel_Offline_Activity"/>
  <testcase name="Step_03_Verify_RollingWeekUI_And_Select_OfflineActivity" time="74.906" classname="com.qait.mindtap.tests.NG_30370.TC03_Instructor_Cancel_Offline_Activity"/>
  <testcase name="Step_04_Instructor_Enters_Detail_In_OfflineActivity" time="5.796" classname="com.qait.mindtap.tests.NG_30370.TC03_Instructor_Cancel_Offline_Activity"/>
</testsuite> <!-- com.qait.mindtap.tests.NG_30370.TC03_Instructor_Cancel_Offline_Activity -->
