<?xml version="1.0" encoding="UTF-8"?>
<!-- Generated by org.testng.reporters.JUnitReportReporter -->
<testsuite hostname="LNDA0021" name="com.qait.mindtap.tests.NG_30371.TC01_Instructor_Adds_OR_Cancel_Topic_Activity" tests="10" failures="0" timestamp="28 Oct 2015 11:59:46 GMT" time="633.618" errors="0">
  <testcase name="Step_07_Verify_RollingWeekUI_And_Select_TopicView" time="15.451" classname="com.qait.mindtap.tests.NG_30371.TC01_Instructor_Adds_OR_Cancel_Topic_Activity"/>
  <testcase name="Step_01_Instructor_Logs_in_to_the_Application" time="10.321" classname="com.qait.mindtap.tests.NG_30371.TC01_Instructor_Adds_OR_Cancel_Topic_Activity"/>
  <testcase name="Step_10_Verify_Activity_Gets_Canceled" time="106.364" classname="com.qait.mindtap.tests.NG_30371.TC01_Instructor_Adds_OR_Cancel_Topic_Activity"/>
  <testcase name="Step_05_Verify_Rolling_Week_UI" time="20.130" classname="com.qait.mindtap.tests.NG_30371.TC01_Instructor_Adds_OR_Cancel_Topic_Activity"/>
  <testcase name="Step_04_Instructor_Edit_Course_Details_To_Add" time="108.935" classname="com.qait.mindtap.tests.NG_30371.TC01_Instructor_Adds_OR_Cancel_Topic_Activity"/>
  <testcase name="Step_09_Verify_Rolling_Week_UI" time="19.863" classname="com.qait.mindtap.tests.NG_30371.TC01_Instructor_Adds_OR_Cancel_Topic_Activity"/>
  <testcase name="Step_03_Verify_RollingWeekUI_And_Select_TopicView" time="226.270" classname="com.qait.mindtap.tests.NG_30371.TC01_Instructor_Adds_OR_Cancel_Topic_Activity"/>
  <testcase name="Step_02_Instructor_Manages_Course_From_SSO" time="15.331" classname="com.qait.mindtap.tests.NG_30371.TC01_Instructor_Adds_OR_Cancel_Topic_Activity"/>
  <testcase name="Step_06_Verify_Activity_Gets_Added" time="1.953" classname="com.qait.mindtap.tests.NG_30371.TC01_Instructor_Adds_OR_Cancel_Topic_Activity"/>
  <testcase name="Step_08_Instructor_Edit_Course_Details_To_Cancel" time="109.000" classname="com.qait.mindtap.tests.NG_30371.TC01_Instructor_Adds_OR_Cancel_Topic_Activity"/>
</testsuite> <!-- com.qait.mindtap.tests.NG_30371.TC01_Instructor_Adds_OR_Cancel_Topic_Activity -->
