<?xml version="1.0" encoding="UTF-8"?>
<!-- Generated by org.testng.reporters.JUnitReportReporter -->
<testsuite hostname="LNDA0021" name="com.qait.mindtap.tests.NG_30104.NG_30181_TC01_Admin_login_and_search_the_isbn_under_master_Tab" tests="4" failures="0" timestamp="1 Oct 2015 11:36:14 GMT" time="63.164" errors="0">
  <testcase name="Step_02_Admin_Search_Course_using_ISBN" time="4.207" classname="com.qait.mindtap.tests.NG_30104.NG_30181_TC01_Admin_login_and_search_the_isbn_under_master_Tab"/>
  <testcase name="Step_01_Admin_Logs_in_to_the_Application" time="6.409" classname="com.qait.mindtap.tests.NG_30104.NG_30181_TC01_Admin_login_and_search_the_isbn_under_master_Tab"/>
  <testcase name="Step_03_Admin_Verify_Course_Andesite_mode_checked" time="50.958" classname="com.qait.mindtap.tests.NG_30104.NG_30181_TC01_Admin_login_and_search_the_isbn_under_master_Tab"/>
  <testcase name="Step_04_Admin_Logs_Out" time="1.590" classname="com.qait.mindtap.tests.NG_30104.NG_30181_TC01_Admin_login_and_search_the_isbn_under_master_Tab"/>
</testsuite> <!-- com.qait.mindtap.tests.NG_30104.NG_30181_TC01_Admin_login_and_search_the_isbn_under_master_Tab -->
