<?xml version="1.0" encoding="UTF-8"?>
<!-- Generated by org.testng.reporters.JUnitReportReporter -->
<testsuite hostname="LNDA0021" name="com.qait.mindtap.tests.NG_30104.NG_30181_TC02_Instructor_Creates_Course" tests="7" failures="0" timestamp="1 Oct 2015 11:58:01 GMT" time="109.851" errors="0">
  <testcase name="Step_06_Confirm_Course_Details" time="3.530" classname="com.qait.mindtap.tests.NG_30104.NG_30181_TC02_Instructor_Creates_Course"/>
  <testcase name="Step_07_Instructor_SignOut" time="2.503" classname="com.qait.mindtap.tests.NG_30104.NG_30181_TC02_Instructor_Creates_Course"/>
  <testcase name="Step_01_Instructor_Logs_in_to_the_Application" time="34.120" classname="com.qait.mindtap.tests.NG_30104.NG_30181_TC02_Instructor_Creates_Course"/>
  <testcase name="Step_05_Instructor_Enters_Course_Details" time="18.670" classname="com.qait.mindtap.tests.NG_30104.NG_30181_TC02_Instructor_Creates_Course"/>
  <testcase name="Step_03_Instructor_check_Course_Checkbox" time="30.591" classname="com.qait.mindtap.tests.NG_30104.NG_30181_TC02_Instructor_Creates_Course"/>
  <testcase name="Step_02_Instructor_Search_Course_using_ISBN" time="15.033" classname="com.qait.mindtap.tests.NG_30104.NG_30181_TC02_Instructor_Creates_Course"/>
  <testcase name="Step_04_Instructor_Creates_Course" time="5.404" classname="com.qait.mindtap.tests.NG_30104.NG_30181_TC02_Instructor_Creates_Course"/>
</testsuite> <!-- com.qait.mindtap.tests.NG_30104.NG_30181_TC02_Instructor_Creates_Course -->
