<?xml version="1.0" encoding="UTF-8"?>
<!-- Generated by org.testng.reporters.JUnitReportReporter -->
<testsuite hostname="LNDA0021" name="com.qait.mindtap.tests.NG_30104.NG_30181_TC02_Instructor_Creates_Course" tests="7" failures="0" timestamp="6 Oct 2015 10:34:44 GMT" time="68.910" errors="0">
  <testcase name="Step_05_Instructor_Enters_Course_Details" time="18.199" classname="com.qait.mindtap.tests.NG_30104.NG_30181_TC02_Instructor_Creates_Course"/>
  <testcase name="Step_01_Instructor_Logs_in_to_the_Application" time="28.765" classname="com.qait.mindtap.tests.NG_30104.NG_30181_TC02_Instructor_Creates_Course"/>
  <testcase name="Step_06_Confirm_Course_Details" time="0.160" classname="com.qait.mindtap.tests.NG_30104.NG_30181_TC02_Instructor_Creates_Course"/>
  <testcase name="Step_03_Instructor_check_Course_Checkbox" time="14.436" classname="com.qait.mindtap.tests.NG_30104.NG_30181_TC02_Instructor_Creates_Course"/>
  <testcase name="Step_04_Instructor_Creates_Course" time="1.930" classname="com.qait.mindtap.tests.NG_30104.NG_30181_TC02_Instructor_Creates_Course"/>
  <testcase name="Step_02_Instructor_Search_Course_using_ISBN" time="2.620" classname="com.qait.mindtap.tests.NG_30104.NG_30181_TC02_Instructor_Creates_Course"/>
  <testcase name="Step_07_Instructor_SignOut" time="2.800" classname="com.qait.mindtap.tests.NG_30104.NG_30181_TC02_Instructor_Creates_Course"/>
</testsuite> <!-- com.qait.mindtap.tests.NG_30104.NG_30181_TC02_Instructor_Creates_Course -->
