<?xml version="1.0" encoding="UTF-8"?>
<!-- Generated by org.testng.reporters.JUnitReportReporter -->
<testsuite hostname="LNDA0021" name="com.qait.mindtap.tests.NG_30370.TC02_Instructor_Adds_Offline_Activity" tests="6" failures="0" timestamp="21 Oct 2015 05:00:57 GMT" time="118.140" errors="0">
  <testcase name="Step_02_Instructor_Manages_Course_From_SSO" time="46.972" classname="com.qait.mindtap.tests.NG_30370.TC02_Instructor_Adds_Offline_Activity"/>
  <testcase name="Step_03_Verify_RollingWeekUI_And_Select_OfflineActivity" time="18.065" classname="com.qait.mindtap.tests.NG_30370.TC02_Instructor_Adds_Offline_Activity"/>
  <testcase name="Step_04_Instructor_Enters_Detail_In_OfflineActivity" time="6.218" classname="com.qait.mindtap.tests.NG_30370.TC02_Instructor_Adds_Offline_Activity"/>
  <testcase name="Step_05_Verify_Rolling_Week_UI" time="12.914" classname="com.qait.mindtap.tests.NG_30370.TC02_Instructor_Adds_Offline_Activity"/>
  <testcase name="Step_06_Verify_Activity_Gets_Added" time="1.155" classname="com.qait.mindtap.tests.NG_30370.TC02_Instructor_Adds_Offline_Activity"/>
  <testcase name="Step_01_Instructor_Logs_in_to_the_Application" time="32.816" classname="com.qait.mindtap.tests.NG_30370.TC02_Instructor_Adds_Offline_Activity"/>
</testsuite> <!-- com.qait.mindtap.tests.NG_30370.TC02_Instructor_Adds_Offline_Activity -->
