<?xml version="1.0" encoding="UTF-8"?>
<!-- Generated by org.testng.reporters.JUnitReportReporter -->
<testsuite hostname="LNDA0021" name="com.qait.mindtap.tests.NG_30181.TC04_Instructor_Launch_the_Course" tests="9" failures="0" timestamp="13 Oct 2015 07:38:09 GMT" time="162.136" errors="0">
  <testcase name="Step_07_verify_Splash_Page" time="7.337" classname="com.qait.mindtap.tests.NG_30181.TC04_Instructor_Launch_the_Course"/>
  <testcase name="Step_05_Verify_Weeks_CurrentWeekIcon_Displays_Along_Month_and_Date" time="94.740" classname="com.qait.mindtap.tests.NG_30181.TC04_Instructor_Launch_the_Course"/>
  <testcase name="Step_04_verify_Spalsh_Page_Dispalys_Automatically" time="0.000" classname="com.qait.mindtap.tests.NG_30181.TC04_Instructor_Launch_the_Course"/>
  <testcase name="Step_02_Instructor_Manages_Course_From_SSO" time="7.441" classname="com.qait.mindtap.tests.NG_30181.TC04_Instructor_Launch_the_Course"/>
  <testcase name="Step_07_user_LogOut" time="4.020" classname="com.qait.mindtap.tests.NG_30181.TC04_Instructor_Launch_the_Course"/>
  <testcase name="Step_01_Instructor_Logs_in_to_the_Application" time="8.665" classname="com.qait.mindtap.tests.NG_30181.TC04_Instructor_Launch_the_Course"/>
  <testcase name="Step_08_Verify_Rolling_Week_UI" time="14.793" classname="com.qait.mindtap.tests.NG_30181.TC04_Instructor_Launch_the_Course"/>
  <testcase name="Step_06_Verify_Expand_Collapse_Functionality" time="5.057" classname="com.qait.mindtap.tests.NG_30181.TC04_Instructor_Launch_the_Course"/>
  <testcase name="Step_03_Instructor_Enrols_TA_IN_Course" time="20.083" classname="com.qait.mindtap.tests.NG_30181.TC04_Instructor_Launch_the_Course"/>
</testsuite> <!-- com.qait.mindtap.tests.NG_30181.TC04_Instructor_Launch_the_Course -->
