<?xml version="1.0" encoding="UTF-8"?>
<!-- Generated by org.testng.reporters.JUnitReportReporter -->
<testsuite hostname="LNDA0021" name="com.qait.mindtap.tests.NG_30104.NG_30181_TC05_Student_Launch_the_Course" tests="9" failures="0" timestamp="6 Oct 2015 10:41:41 GMT" time="143.611" errors="0">
  <testcase name="Step_02_Student_Registers_Course" time="18.097" classname="com.qait.mindtap.tests.NG_30104.NG_30181_TC05_Student_Launch_the_Course"/>
  <testcase name="Step_08_Verify_Rolling_Week_UI" time="19.745" classname="com.qait.mindtap.tests.NG_30104.NG_30181_TC05_Student_Launch_the_Course"/>
  <testcase name="Step_07_user_LogOut" time="0.644" classname="com.qait.mindtap.tests.NG_30104.NG_30181_TC05_Student_Launch_the_Course"/>
  <testcase name="Step_06_Verify_Expand_Collapse_Functionality" time="2.445" classname="com.qait.mindtap.tests.NG_30104.NG_30181_TC05_Student_Launch_the_Course"/>
  <testcase name="Step_03_Student_Launch_Course" time="15.622" classname="com.qait.mindtap.tests.NG_30104.NG_30181_TC05_Student_Launch_the_Course"/>
  <testcase name="Step_05_Verify_Weeks_CurrentWeekIcon_Displays_Along_Month_and_Date" time="49.869" classname="com.qait.mindtap.tests.NG_30104.NG_30181_TC05_Student_Launch_the_Course"/>
  <testcase name="Step_01_Student_Logs_in_to_the_Application" time="31.799" classname="com.qait.mindtap.tests.NG_30104.NG_30181_TC05_Student_Launch_the_Course"/>
  <testcase name="Step_04_verify_Spalsh_Page_Dispalys_Automatically" time="4.241" classname="com.qait.mindtap.tests.NG_30104.NG_30181_TC05_Student_Launch_the_Course"/>
  <testcase name="Step_07_verify_Splash_Page" time="1.149" classname="com.qait.mindtap.tests.NG_30104.NG_30181_TC05_Student_Launch_the_Course"/>
</testsuite> <!-- com.qait.mindtap.tests.NG_30104.NG_30181_TC05_Student_Launch_the_Course -->
