<?xml version="1.0" encoding="UTF-8"?>
<!-- Generated by org.testng.reporters.JUnitReportReporter -->
<testsuite hostname="LNDA0021" name="com.qait.mindtap.tests.NG_30370.TC02_Instructor_Adds_Offline_Activity" tests="6" failures="0" timestamp="20 Oct 2015 11:09:48 GMT" time="179.143" errors="1">
  <testcase name="Step_05_Verify_Rolling_Week_UI" time="38.407" classname="com.qait.mindtap.tests.NG_30370.TC02_Instructor_Adds_Offline_Activity"/>
  <testcase name="Step_02_Instructor_Manages_Course_From_SSO" time="12.715" classname="com.qait.mindtap.tests.NG_30370.TC02_Instructor_Adds_Offline_Activity"/>
  <testcase name="Step_01_Instructor_Logs_in_to_the_Application" time="35.943" classname="com.qait.mindtap.tests.NG_30370.TC02_Instructor_Adds_Offline_Activity"/>
  <testcase name="Step_06_Verify_Activity_Gets_Added" time="10.353" classname="com.qait.mindtap.tests.NG_30370.TC02_Instructor_Adds_Offline_Activity">
    <error type="org.openqa.selenium.WebDriverException" message="Returned value cannot be converted to WebElement: Are you sure you want to delete this activity?
Build info: version: &#039;2.46.0&#039;, revision: &#039;61506a4624b13675f24581e453592342b7485d71&#039;, time: &#039;2015-06-04 10:22:50&#039;
System info: host: &#039;LNDA0021&#039;, ip: &#039;10.161.233.242&#039;, os.name: &#039;Windows 7&#039;, os.arch: &#039;x86&#039;, os.version: &#039;6.1&#039;, java.version: &#039;1.8.0_51&#039;
Driver info: driver.version: RemoteWebDriver">
      <![CDATA[org.openqa.selenium.WebDriverException: Returned value cannot be converted to WebElement: Are you sure you want to delete this activity?
Build info: version: '2.46.0', revision: '61506a4624b13675f24581e453592342b7485d71', time: '2015-06-04 10:22:50'
System info: host: 'LNDA0021', ip: '10.161.233.242', os.name: 'Windows 7', os.arch: 'x86', os.version: '6.1', java.version: '1.8.0_51'
Driver info: driver.version: RemoteWebDriver
	at org.openqa.selenium.remote.RemoteWebDriver.findElement(RemoteWebDriver.java:365)
	at org.openqa.selenium.remote.RemoteWebDriver.findElementByXPath(RemoteWebDriver.java:455)
	at org.openqa.selenium.By$ByXPath.findElement(By.java:358)
	at org.openqa.selenium.remote.RemoteWebDriver.findElement(RemoteWebDriver.java:350)
	at com.qait.mindtap.automation.getpageobjects.GetPage.element(GetPage.java:137)
	at com.qait.mindtap.automation.getpageobjects.GetPage.isElementDisplayed(GetPage.java:196)
	at com.qait.mindtap.keywords.WeekWidgetActions.verifyDescription(WeekWidgetActions.java:138)
	at com.qait.mindtap.tests.NG_30370.TC02_Instructor_Adds_Offline_Activity.Step_06_Verify_Activity_Gets_Added(TC02_Instructor_Adds_Offline_Activity.java:84)
	at sun.reflect.NativeMethodAccessorImpl.invoke0(Native Method)
	at sun.reflect.NativeMethodAccessorImpl.invoke(NativeMethodAccessorImpl.java:62)
	at sun.reflect.DelegatingMethodAccessorImpl.invoke(DelegatingMethodAccessorImpl.java:43)
	at java.lang.reflect.Method.invoke(Method.java:497)
	at org.testng.internal.MethodInvocationHelper.invokeMethod(MethodInvocationHelper.java:85)
	at org.testng.internal.Invoker.invokeMethod(Invoker.java:659)
	at org.testng.internal.Invoker.invokeTestMethod(Invoker.java:845)
	at org.testng.internal.Invoker.invokeTestMethods(Invoker.java:1153)
	at org.testng.internal.TestMethodWorker.invokeTestMethods(TestMethodWorker.java:125)
	at org.testng.internal.TestMethodWorker.run(TestMethodWorker.java:108)
	at org.testng.TestRunner.privateRun(TestRunner.java:771)
	at org.testng.TestRunner.run(TestRunner.java:621)
	at org.testng.SuiteRunner.runTest(SuiteRunner.java:357)
	at org.testng.SuiteRunner.runSequentially(SuiteRunner.java:352)
	at org.testng.SuiteRunner.privateRun(SuiteRunner.java:310)
	at org.testng.SuiteRunner.run(SuiteRunner.java:259)
	at org.testng.SuiteRunnerWorker.runSuite(SuiteRunnerWorker.java:52)
	at org.testng.SuiteRunnerWorker.run(SuiteRunnerWorker.java:86)
	at org.testng.TestNG.runSuitesSequentially(TestNG.java:1199)
	at org.testng.TestNG.runSuitesLocally(TestNG.java:1124)
	at org.testng.TestNG.run(TestNG.java:1032)
	at org.apache.maven.surefire.testng.TestNGExecutor.run(TestNGExecutor.java:91)
	at org.apache.maven.surefire.testng.TestNGDirectoryTestSuite.executeSingleClass(TestNGDirectoryTestSuite.java:128)
	at org.apache.maven.surefire.testng.TestNGDirectoryTestSuite.execute(TestNGDirectoryTestSuite.java:112)
	at org.apache.maven.surefire.testng.TestNGProvider.invoke(TestNGProvider.java:113)
	at org.apache.maven.surefire.booter.ForkedBooter.invokeProviderInSameClassLoader(ForkedBooter.java:200)
	at org.apache.maven.surefire.booter.ForkedBooter.runSuitesInProcess(ForkedBooter.java:153)
	at org.apache.maven.surefire.booter.ForkedBooter.main(ForkedBooter.java:103)
Caused by: java.lang.ClassCastException: java.lang.String cannot be cast to org.openqa.selenium.WebElement
	at org.openqa.selenium.remote.RemoteWebDriver.findElement(RemoteWebDriver.java:363)
	... 35 more
]]>
    </error>
  </testcase> <!-- Step_06_Verify_Activity_Gets_Added -->
  <testcase name="Step_03_Verify_RollingWeekUI_And_Select_OfflineActivity" time="76.492" classname="com.qait.mindtap.tests.NG_30370.TC02_Instructor_Adds_Offline_Activity"/>
  <testcase name="Step_04_Instructor_Enters_Detail_In_OfflineActivity" time="5.233" classname="com.qait.mindtap.tests.NG_30370.TC02_Instructor_Adds_Offline_Activity"/>
</testsuite> <!-- com.qait.mindtap.tests.NG_30370.TC02_Instructor_Adds_Offline_Activity -->
