<?xml version="1.0" encoding="UTF-8"?>
<!-- Generated by org.testng.reporters.JUnitReportReporter -->
<testsuite hostname="LNDA0021" name="com.qait.mindtap.tests.NG_30181.TC02_Instructor_Creates_Course" tests="7" failures="0" timestamp="13 Oct 2015 06:34:23 GMT" time="52.929" errors="0">
  <testcase name="Step_01_Instructor_Logs_in_to_the_Application" time="9.055" classname="com.qait.mindtap.tests.NG_30181.TC02_Instructor_Creates_Course"/>
  <testcase name="Step_04_Instructor_Creates_Course" time="9.940" classname="com.qait.mindtap.tests.NG_30181.TC02_Instructor_Creates_Course"/>
  <testcase name="Step_03_Instructor_check_Course_Checkbox" time="3.380" classname="com.qait.mindtap.tests.NG_30181.TC02_Instructor_Creates_Course"/>
  <testcase name="Step_06_Confirm_Course_Details" time="4.340" classname="com.qait.mindtap.tests.NG_30181.TC02_Instructor_Creates_Course"/>
  <testcase name="Step_02_Instructor_Search_Course_using_ISBN" time="7.170" classname="com.qait.mindtap.tests.NG_30181.TC02_Instructor_Creates_Course"/>
  <testcase name="Step_05_Instructor_Enters_Course_Details" time="18.164" classname="com.qait.mindtap.tests.NG_30181.TC02_Instructor_Creates_Course"/>
  <testcase name="Step_07_Instructor_SignOut" time="0.880" classname="com.qait.mindtap.tests.NG_30181.TC02_Instructor_Creates_Course"/>
</testsuite> <!-- com.qait.mindtap.tests.NG_30181.TC02_Instructor_Creates_Course -->
