<?xml version="1.0" encoding="UTF-8"?>
<!-- Generated by org.testng.reporters.JUnitReportReporter -->
<testsuite hostname="LNDA0021" name="com.qait.mindtap.tests.NG_30370.TC03_Instructor_Cancel_Offline_Activity" tests="6" failures="0" timestamp="21 Oct 2015 04:37:37 GMT" time="101.351" errors="0">
  <testcase name="Step_02_Instructor_Manages_Course_From_SSO" time="12.218" classname="com.qait.mindtap.tests.NG_30370.TC03_Instructor_Cancel_Offline_Activity"/>
  <testcase name="Step_03_Verify_RollingWeekUI_And_Select_OfflineActivity" time="37.963" classname="com.qait.mindtap.tests.NG_30370.TC03_Instructor_Cancel_Offline_Activity"/>
  <testcase name="Step_04_Instructor_Enters_Detail_In_OfflineActivity" time="6.500" classname="com.qait.mindtap.tests.NG_30370.TC03_Instructor_Cancel_Offline_Activity"/>
  <testcase name="Step_06_Verify_Activity_Gets_Added" time="2.349" classname="com.qait.mindtap.tests.NG_30370.TC03_Instructor_Cancel_Offline_Activity"/>
  <testcase name="Step_05_Verify_Rolling_Week_UI" time="12.816" classname="com.qait.mindtap.tests.NG_30370.TC03_Instructor_Cancel_Offline_Activity"/>
  <testcase name="Step_01_Instructor_Logs_in_to_the_Application" time="29.505" classname="com.qait.mindtap.tests.NG_30370.TC03_Instructor_Cancel_Offline_Activity"/>
</testsuite> <!-- com.qait.mindtap.tests.NG_30370.TC03_Instructor_Cancel_Offline_Activity -->
