<?xml version="1.0" encoding="UTF-8"?>
<!-- Generated by org.testng.reporters.JUnitReportReporter -->
<testsuite hostname="LNDA0021" name="com.qait.mindtap.tests.NG_30181.TC02_Instructor_Creates_Course" tests="7" failures="0" timestamp="14 Oct 2015 05:21:05 GMT" time="64.356" errors="0">
  <testcase name="Step_01_Instructor_Logs_in_to_the_Application" time="31.642" classname="com.qait.mindtap.tests.NG_30181.TC02_Instructor_Creates_Course"/>
  <testcase name="Step_05_Instructor_Enters_Course_Details" time="14.510" classname="com.qait.mindtap.tests.NG_30181.TC02_Instructor_Creates_Course"/>
  <testcase name="Step_03_Instructor_check_Course_Checkbox" time="11.624" classname="com.qait.mindtap.tests.NG_30181.TC02_Instructor_Creates_Course"/>
  <testcase name="Step_02_Instructor_Search_Course_using_ISBN" time="2.209" classname="com.qait.mindtap.tests.NG_30181.TC02_Instructor_Creates_Course"/>
  <testcase name="Step_04_Instructor_Creates_Course" time="1.929" classname="com.qait.mindtap.tests.NG_30181.TC02_Instructor_Creates_Course"/>
  <testcase name="Step_07_Instructor_SignOut" time="2.248" classname="com.qait.mindtap.tests.NG_30181.TC02_Instructor_Creates_Course"/>
  <testcase name="Step_06_Confirm_Course_Details" time="0.194" classname="com.qait.mindtap.tests.NG_30181.TC02_Instructor_Creates_Course"/>
</testsuite> <!-- com.qait.mindtap.tests.NG_30181.TC02_Instructor_Creates_Course -->
