<?xml version="1.0" encoding="UTF-8"?>
<!-- Generated by org.testng.reporters.JUnitReportReporter -->
<testsuite hostname="LNDA0021" name="com.qait.mindtap.tests.NG_30181.TC06_TA_Launch_the_Course" tests="9" failures="0" timestamp="13 Oct 2015 08:48:33 GMT" time="113.569" errors="0">
  <testcase name="Step_04_verify_Spalsh_Page_Dispalys_Automatically" time="6.750" classname="com.qait.mindtap.tests.NG_30181.TC06_TA_Launch_the_Course"/>
  <testcase name="Step_06_Verify_Expand_Collapse_Functionality" time="5.130" classname="com.qait.mindtap.tests.NG_30181.TC06_TA_Launch_the_Course"/>
  <testcase name="Step_07_user_LogOut" time="3.950" classname="com.qait.mindtap.tests.NG_30181.TC06_TA_Launch_the_Course"/>
  <testcase name="Step_03_Student_Launch_Course" time="12.612" classname="com.qait.mindtap.tests.NG_30181.TC06_TA_Launch_the_Course"/>
  <testcase name="Step_07_verify_Splash_Page" time="7.332" classname="com.qait.mindtap.tests.NG_30181.TC06_TA_Launch_the_Course"/>
  <testcase name="Step_01_Student_Logs_in_to_the_Application" time="9.435" classname="com.qait.mindtap.tests.NG_30181.TC06_TA_Launch_the_Course"/>
  <testcase name="Step_02_Student_Registers_Course" time="7.962" classname="com.qait.mindtap.tests.NG_30181.TC06_TA_Launch_the_Course"/>
  <testcase name="Step_05_Verify_Weeks_CurrentWeekIcon_Displays_Along_Month_and_Date" time="54.954" classname="com.qait.mindtap.tests.NG_30181.TC06_TA_Launch_the_Course"/>
  <testcase name="Step_08_Verify_Rolling_Week_UI" time="5.444" classname="com.qait.mindtap.tests.NG_30181.TC06_TA_Launch_the_Course"/>
</testsuite> <!-- com.qait.mindtap.tests.NG_30181.TC06_TA_Launch_the_Course -->
