<?xml version="1.0" encoding="UTF-8"?>
<!-- Generated by org.testng.reporters.JUnitReportReporter -->
<testsuite hostname="LNDA0021" name="com.qait.mindtap.tests.NG_30456.TC03_Student_View_Added_Activity" tests="5" failures="0" timestamp="2 Nov 2015 13:08:23 GMT" time="75.356" errors="1">
  <testcase name="Step_01_Student_Logs_in_to_the_Application" time="9.233" classname="com.qait.mindtap.tests.NG_30456.TC03_Student_View_Added_Activity"/>
  <testcase name="Step_03_Verify_Weeks_CurrentWeekIcon_Displays_Along_Month_and_Date" time="22.262" classname="com.qait.mindtap.tests.NG_30456.TC03_Student_View_Added_Activity"/>
  <testcase name="Step_04_Verify_Activity_Gets_Added" time="1.633" classname="com.qait.mindtap.tests.NG_30456.TC03_Student_View_Added_Activity"/>
  <testcase name="Step_07_student_LogOut" time="34.852" classname="com.qait.mindtap.tests.NG_30456.TC03_Student_View_Added_Activity">
    <error type="java.lang.NullPointerException">
      <![CDATA[java.lang.NullPointerException
	at com.qait.mindtap.keywords.NG_30181_LoginPageActions.logOut(NG_30181_LoginPageActions.java:52)
	at com.qait.mindtap.tests.NG_30456.TC03_Student_View_Added_Activity.Step_07_student_LogOut(TC03_Student_View_Added_Activity.java:63)
	at sun.reflect.NativeMethodAccessorImpl.invoke0(Native Method)
	at sun.reflect.NativeMethodAccessorImpl.invoke(NativeMethodAccessorImpl.java:62)
	at sun.reflect.DelegatingMethodAccessorImpl.invoke(DelegatingMethodAccessorImpl.java:43)
	at java.lang.reflect.Method.invoke(Method.java:497)
	at org.testng.internal.MethodInvocationHelper.invokeMethod(MethodInvocationHelper.java:85)
	at org.testng.internal.Invoker.invokeMethod(Invoker.java:659)
	at org.testng.internal.Invoker.invokeTestMethod(Invoker.java:845)
	at org.testng.internal.Invoker.invokeTestMethods(Invoker.java:1153)
	at org.testng.internal.TestMethodWorker.invokeTestMethods(TestMethodWorker.java:125)
	at org.testng.internal.TestMethodWorker.run(TestMethodWorker.java:108)
	at org.testng.TestRunner.privateRun(TestRunner.java:771)
	at org.testng.TestRunner.run(TestRunner.java:621)
	at org.testng.SuiteRunner.runTest(SuiteRunner.java:357)
	at org.testng.SuiteRunner.runSequentially(SuiteRunner.java:352)
	at org.testng.SuiteRunner.privateRun(SuiteRunner.java:310)
	at org.testng.SuiteRunner.run(SuiteRunner.java:259)
	at org.testng.SuiteRunnerWorker.runSuite(SuiteRunnerWorker.java:52)
	at org.testng.SuiteRunnerWorker.run(SuiteRunnerWorker.java:86)
	at org.testng.TestNG.runSuitesSequentially(TestNG.java:1199)
	at org.testng.TestNG.runSuitesLocally(TestNG.java:1124)
	at org.testng.TestNG.run(TestNG.java:1032)
	at org.apache.maven.surefire.testng.TestNGExecutor.run(TestNGExecutor.java:91)
	at org.apache.maven.surefire.testng.TestNGDirectoryTestSuite.executeSingleClass(TestNGDirectoryTestSuite.java:128)
	at org.apache.maven.surefire.testng.TestNGDirectoryTestSuite.execute(TestNGDirectoryTestSuite.java:112)
	at org.apache.maven.surefire.testng.TestNGProvider.invoke(TestNGProvider.java:113)
	at org.apache.maven.surefire.booter.ForkedBooter.invokeProviderInSameClassLoader(ForkedBooter.java:200)
	at org.apache.maven.surefire.booter.ForkedBooter.runSuitesInProcess(ForkedBooter.java:153)
	at org.apache.maven.surefire.booter.ForkedBooter.main(ForkedBooter.java:103)
]]>
    </error>
  </testcase> <!-- Step_07_student_LogOut -->
  <testcase name="Step_02_Student_Launch_Course" time="7.376" classname="com.qait.mindtap.tests.NG_30456.TC03_Student_View_Added_Activity"/>
</testsuite> <!-- com.qait.mindtap.tests.NG_30456.TC03_Student_View_Added_Activity -->
