<?xml version="1.0" encoding="UTF-8"?>
<!-- Generated by org.testng.reporters.JUnitReportReporter -->
<testsuite hostname="LNDA0021" name="com.qait.mindtap.tests.NG_30104.NG_30181_TC02_Instructor_Creates_Course" tests="7" failures="0" timestamp="7 Oct 2015 06:12:33 GMT" time="66.013" errors="0">
  <testcase name="Step_07_Instructor_SignOut" time="0.980" classname="com.qait.mindtap.tests.NG_30104.NG_30181_TC02_Instructor_Creates_Course"/>
  <testcase name="Step_01_Instructor_Logs_in_to_the_Application" time="12.966" classname="com.qait.mindtap.tests.NG_30104.NG_30181_TC02_Instructor_Creates_Course"/>
  <testcase name="Step_02_Instructor_Search_Course_using_ISBN" time="7.750" classname="com.qait.mindtap.tests.NG_30104.NG_30181_TC02_Instructor_Creates_Course"/>
  <testcase name="Step_04_Instructor_Creates_Course" time="4.180" classname="com.qait.mindtap.tests.NG_30104.NG_30181_TC02_Instructor_Creates_Course"/>
  <testcase name="Step_06_Confirm_Course_Details" time="4.410" classname="com.qait.mindtap.tests.NG_30104.NG_30181_TC02_Instructor_Creates_Course"/>
  <testcase name="Step_05_Instructor_Enters_Course_Details" time="23.888" classname="com.qait.mindtap.tests.NG_30104.NG_30181_TC02_Instructor_Creates_Course"/>
  <testcase name="Step_03_Instructor_check_Course_Checkbox" time="11.839" classname="com.qait.mindtap.tests.NG_30104.NG_30181_TC02_Instructor_Creates_Course"/>
</testsuite> <!-- com.qait.mindtap.tests.NG_30104.NG_30181_TC02_Instructor_Creates_Course -->
