<?xml version="1.0" encoding="UTF-8"?>
<!-- Generated by org.testng.reporters.JUnitReportReporter -->
<testsuite hostname="LNDA0021" name="com.qait.mindtap.tests.NG_30370.TC01_Instructor_Creates_Course" tests="14" failures="0" timestamp="19 Oct 2015 13:11:48 GMT" time="124.961" errors="0">
  <testcase name="Step_06_Confirm_Course_Details" time="0.176" classname="com.qait.mindtap.tests.NG_30370.TC01_Instructor_Creates_Course"/>
  <testcase name="Step_06_Confirm_Course_Details" time="0.165" classname="com.qait.mindtap.tests.NG_30370.TC01_Instructor_Creates_Course"/>
  <testcase name="Step_02_Instructor_Search_Course_using_ISBN" time="1.812" classname="com.qait.mindtap.tests.NG_30370.TC01_Instructor_Creates_Course"/>
  <testcase name="Step_01_Instructor_Logs_in_to_the_Application" time="31.247" classname="com.qait.mindtap.tests.NG_30370.TC01_Instructor_Creates_Course"/>
  <testcase name="Step_01_Instructor_Logs_in_to_the_Application" time="36.326" classname="com.qait.mindtap.tests.NG_30370.TC01_Instructor_Creates_Course"/>
  <testcase name="Step_04_Instructor_Creates_Course" time="1.074" classname="com.qait.mindtap.tests.NG_30370.TC01_Instructor_Creates_Course"/>
  <testcase name="Step_03_Instructor_check_Course_Checkbox" time="9.055" classname="com.qait.mindtap.tests.NG_30370.TC01_Instructor_Creates_Course"/>
  <testcase name="Step_04_Instructor_Creates_Course" time="2.023" classname="com.qait.mindtap.tests.NG_30370.TC01_Instructor_Creates_Course"/>
  <testcase name="Step_05_Instructor_Enters_Course_Details" time="12.949" classname="com.qait.mindtap.tests.NG_30370.TC01_Instructor_Creates_Course"/>
  <testcase name="Step_07_Instructor_SignOut" time="2.740" classname="com.qait.mindtap.tests.NG_30370.TC01_Instructor_Creates_Course"/>
  <testcase name="Step_02_Instructor_Search_Course_using_ISBN" time="2.214" classname="com.qait.mindtap.tests.NG_30370.TC01_Instructor_Creates_Course"/>
  <testcase name="Step_03_Instructor_check_Course_Checkbox" time="10.075" classname="com.qait.mindtap.tests.NG_30370.TC01_Instructor_Creates_Course"/>
  <testcase name="Step_05_Instructor_Enters_Course_Details" time="12.106" classname="com.qait.mindtap.tests.NG_30370.TC01_Instructor_Creates_Course"/>
  <testcase name="Step_07_Instructor_SignOut" time="2.999" classname="com.qait.mindtap.tests.NG_30370.TC01_Instructor_Creates_Course"/>
</testsuite> <!-- com.qait.mindtap.tests.NG_30370.TC01_Instructor_Creates_Course -->
